<?xml version="1.0" encoding="UTF-8"?>
<testng-results ignored="0" total="2" passed="2" failed="0" skipped="0">
  <reporter-output>
  </reporter-output>
  <suite started-at="2023-05-09T14:45:08Z" name="Suite" finished-at="2023-05-09T14:45:26Z" duration-ms="17734">
    <groups>
    </groups>
    <test started-at="2023-05-09T14:45:08Z" name="ChromeTest" finished-at="2023-05-09T14:45:15Z" duration-ms="6929">
      <class name="learnTestNG.LearnbrowserTwsting">
        <test-method signature="loginHRM(java.lang.String)[pri:0, instance:learnTestNG.LearnbrowserTwsting@581ac8a8]" started-at="2023-05-09T14:45:08Z" name="loginHRM" finished-at="2023-05-09T14:45:15Z" duration-ms="6889" status="PASS">
          <params>
            <param index="0">
              <value>
                <![CDATA[chrome]]>
              </value>
            </param>
          </params>
          <reporter-output>
          </reporter-output>
        </test-method> <!-- loginHRM -->
      </class> <!-- learnTestNG.LearnbrowserTwsting -->
    </test> <!-- ChromeTest -->
    <test started-at="2023-05-09T14:45:15Z" name="FirefoxTest" finished-at="2023-05-09T14:45:26Z" duration-ms="10721">
      <class name="learnTestNG.LearnbrowserTwsting">
        <test-method signature="loginHRM(java.lang.String)[pri:0, instance:learnTestNG.LearnbrowserTwsting@1a18644]" started-at="2023-05-09T14:45:15Z" name="loginHRM" finished-at="2023-05-09T14:45:26Z" duration-ms="10718" status="PASS">
          <params>
            <param index="0">
              <value>
                <![CDATA[firefox]]>
              </value>
            </param>
          </params>
          <reporter-output>
          </reporter-output>
        </test-method> <!-- loginHRM -->
      </class> <!-- learnTestNG.LearnbrowserTwsting -->
    </test> <!-- FirefoxTest -->
  </suite> <!-- Suite -->
</testng-results>
